2024-12-30 16:03:25,463 - INFO - Starting the car scraper.
2024-12-30 16:03:25,877 - INFO - Retrieved car brands: ['Alfa Romeo', 'Aston Martin', 'Audi', 'Bentley', 'BMW', 'Bugatti', 'Buick', 'Cadillac', 'Chery', 'Chrysler', 'Citroen', 'Daihatsu', 'Ferrari', 'Fiat', 'Ford', 'Honda', 'Hyundai', 'Ineos', 'Infiniti', 'Jaguar', 'Jeep', 'Kia', 'Lamborghini', 'Land Rover', 'Lexus', 'Lotus', 'Luxgen', 'M-Benz', 'Mahindra', 'Maserati', 'Mazda', 'McLaren', 'MG', 'Mini', 'Mitsubishi', 'Morgan', 'Nissan', 'Opel', 'Peugeot', 'Porsche', 'Proton', 'Renault', 'Rolls-Royce', 'Saab', 'Skoda', 'Smart', 'Ssangyong', 'Subaru', 'Suzuki', 'Tesla', 'Tobe', 'Toyota', 'Volkswagen', 'Volvo']
2024-12-30 16:03:25,877 - INFO - Starting scraping for brand: Alfa romeo
2024-12-30 16:03:26,048 - INFO - Found years for Alfa Romeo: ['2008']
2024-12-30 16:03:26,048 - INFO - Processing year: 2008
2024-12-30 16:03:26,407 - INFO - Added variant: 2.0 T Spark - 142 - 5門 5人座 - 1970cccc - 150hp@6300rpmhp - 汽油 to model: 2008 Alfa romeo Alfa Romeo 147 with 1 variants
2024-12-30 16:03:26,407 - INFO - Added variant: 1.9 JTDM - 148 - 5門 5人座 - 1910cccc - 150hp@4000rpmhp - 柴油 to model: 2008 Alfa romeo Alfa Romeo 147 with 2 variants
2024-12-30 16:03:26,589 - INFO - Added variant: 1.9 JTDM - 182 - 4門 5人座 - 1910cccc - 150hp@4000rpmhp - 柴油 to model: 2008 Alfa romeo Alfa Romeo 159 with 1 variants
2024-12-30 16:03:26,589 - INFO - Added variant: 2.4 JTDM - 209 - 4門 5人座 - 2387cccc - 200hp@4000rpmhp - 柴油 to model: 2008 Alfa romeo Alfa Romeo 159 with 2 variants
2024-12-30 16:03:26,590 - INFO - Added variant: 3.2 JTS Q4 - 259 - 4門 5人座 - 3195cccc - 260hp@6200rpmhp - 汽油 to model: 2008 Alfa romeo Alfa Romeo 159 with 3 variants
2024-12-30 16:03:26,838 - INFO - Added variant: 2.4 JTDM - 219 - 5門 5人座 - 2387cccc - 200hp@4000rpmhp - 柴油 to model: 2008 Alfa romeo Alfa Romeo 159 Sportwagon with 1 variants
2024-12-30 16:03:27,022 - INFO - Added variant: 3.2 JTS Q4 - 288 - 2門 4人座 - 3195cccc - 260hp@6200rpmhp - 汽油 to model: 2008 Alfa romeo Alfa Romeo Brera with 1 variants
2024-12-30 16:03:27,233 - INFO - Added variant: 2.0 JTS - 169 - 2門 4人座 - 1970cccc - 165hp@6400rpmhp - 汽油 to model: 2008 Alfa romeo Alfa Romeo GT with 1 variants
2024-12-30 16:03:27,423 - INFO - Added variant: 3.2 JTS Q4 - 298 - 2門 2+2人座 - 3195cccc - 260hp@6200rpmhp - 汽油 to model: 2008 Alfa romeo Alfa Romeo Spyder with 1 variants
2024-12-30 16:03:30,073 - INFO - Total cars found for Alfa romeo: 6
2024-12-30 16:03:30,074 - INFO - Saved data for brand Alfa Romeo to car_data\alfa_romeo\info.json
2024-12-30 16:03:31,585 - INFO - Starting scraping for brand: Aston martin
2024-12-30 16:03:31,818 - INFO - Found years for Aston Martin: ['2024', '2023', '2022', '2021', '2020', '2019', '2018', '2017', '2016', '2015', '2014', '2013', '2012', '2011', '2010']
2024-12-30 16:03:31,819 - INFO - Processing year: 2024
2024-12-30 16:03:32,227 - INFO - Added variant: 4.0 V8 - 1288 - 2門 2+2人座 - 3982cccc - 680hp@6000rpmhp - 汽油 to model: 2024 Aston martin Aston Martin DB12 with 1 variants
2024-12-30 16:03:32,424 - INFO - Added variant: 4.0 V8 - 1388 - 2門 2+2人座 - 3982cccc - 680hp@6000rpmhp - 汽油 to model: 2024 Aston martin Aston Martin DB12 Volante with 1 variants
2024-12-30 16:03:32,622 - INFO - Added variant: 4.0 V8 - 1158 - 5門 5人座 - 3982cccc - 550hp@6500rpmhp - 汽油 to model: 2024 Aston martin Aston Martin DBX with 1 variants
2024-12-30 16:03:32,623 - INFO - Added variant: 707 - 1438 - 5門 5人座 - 3982cccc - 707hp@6000rpmhp - 汽油 to model: 2024 Aston martin Aston Martin DBX with 2 variants
2024-12-30 16:03:32,850 - INFO - Added variant: 4.0 V8 - 1168 - 2門 2人座 - 3982cccc - 665hp@6000rpmhp - 汽油 to model: 2024 Aston martin Aston Martin Vantage with 1 variants
2024-12-30 16:03:34,950 - INFO - Processing year: 2023
2024-12-30 16:03:35,358 - INFO - Added variant: 4.0 V8 - 1168 - 2門 2+2人座 - 3982cccc - 510hp@6000rpmhp - 汽油 to model: 2023 Aston martin Aston Martin DB11 with 1 variants
2024-12-30 16:03:35,559 - INFO - Added variant: 4.0 V8 - 1198 - 2門 2+2人座 - 3982cccc - 510hp@6000rpmhp - 汽油 to model: 2023 Aston martin Aston Martin DB11 Volante with 1 variants
2024-12-30 16:03:35,771 - INFO - Added variant: Superleggera 5.2 V12 - 1768 - 2門 2+2人座 - 5204cccc - 725hp@6500rpmhp - 汽油 to model: 2023 Aston martin Aston Martin DBS with 1 variants
2024-12-30 16:03:35,952 - INFO - Added variant: Superleggera 5.2 V12 - 1938 - 2門 2+2人座 - 5204cccc - 725hp@6500rpmhp - 汽油 to model: 2023 Aston martin Aston Martin DBS Volante with 1 variants
2024-12-30 16:03:36,144 - INFO - Added variant: 4.0 V8 - 1158 - 5門 5人座 - 3982cccc - 550hp@6500rpmhp - 汽油 to model: 2023 Aston martin Aston Martin DBX with 1 variants
2024-12-30 16:03:36,144 - INFO - Added variant: 707 - 1438 - 5門 5人座 - 3982cccc - 707hp@6000rpmhp - 汽油 to model: 2023 Aston martin Aston Martin DBX with 2 variants
2024-12-30 16:03:36,369 - INFO - Added variant: 4.0 V8 - 928 - 2門 2人座 - 3982cccc - 510hp@6000rpmhp - 汽油 to model: 2023 Aston martin Aston Martin Vantage with 1 variants
2024-12-30 16:03:36,370 - INFO - Added variant: 4.0 V8 F1 Edition - 1138 - 2門 2人座 - 3982cccc - 535hp@6000rpmhp - 汽油 to model: 2023 Aston martin Aston Martin Vantage with 2 variants
2024-12-30 16:03:36,598 - INFO - Added variant: 4.0 V8 - 928 - 2門 2人座 - 3982cccc - 510hp@6000rpmhp - 汽油 to model: 2023 Aston martin Aston Martin Vantage Roadster with 1 variants
2024-12-30 16:03:36,598 - INFO - Added variant: 4.0 V8 F1 Edition - 1228 - 2門 2人座 - 3982cccc - 535hp@6000rpmhp - 汽油 to model: 2023 Aston martin Aston Martin Vantage Roadster with 2 variants
2024-12-30 16:03:38,906 - INFO - Processing year: 2022
2024-12-30 16:03:39,267 - INFO - Added variant: 4.0 V8 - 1038 - 2門 2+2人座 - 3982cccc - 510hp@6000rpmhp - 汽油 to model: 2022 Aston martin Aston Martin DB11 with 1 variants
2024-12-30 16:03:39,490 - INFO - Added variant: 4.0 V8 - 1138 - 2門 2+2人座 - 3982cccc - 510hp@6000rpmhp - 汽油 to model: 2022 Aston martin Aston Martin DB11 Volante with 1 variants
2024-12-30 16:03:39,739 - INFO - Added variant: Superleggera 5.2 V12 - 1680 - 2門 2+2人座 - 5204cccc - 725hp@6500rpmhp - 汽油 to model: 2022 Aston martin Aston Martin DBS with 1 variants
2024-12-30 16:03:39,937 - INFO - Added variant: Superleggera 5.2 V12 - 1848 - 2門 2+2人座 - 5204cccc - 725hp@6500rpmhp - 汽油 to model: 2022 Aston martin Aston Martin DBS Volante with 1 variants
2024-12-30 16:03:40,270 - INFO - Added variant: 4.0 V8 - 1018 - 5門 5人座 - 3982cccc - 550hp@6500rpmhp - 汽油 to model: 2022 Aston martin Aston Martin DBX with 1 variants
2024-12-30 16:03:40,270 - INFO - Added variant: 707 - 1438 - 5門 5人座 - 3982cccc - 707hp@6000rpmhp - 汽油 to model: 2022 Aston martin Aston Martin DBX with 2 variants
2024-12-30 16:03:40,512 - INFO - Added variant: 5.2 V12 - 售價未公布 - 2門 2人座 - 5204cccc - 700hp@6500rpmhp - 汽油 to model: 2022 Aston martin Aston Martin Vantage with 1 variants
2024-12-30 16:03:40,512 - INFO - Added variant: 4.0 V8 - 880 - 2門 2人座 - 3982cccc - 510hp@6000rpmhp - 汽油 to model: 2022 Aston martin Aston Martin Vantage with 2 variants
2024-12-30 16:03:40,513 - INFO - Added variant: 4.0 V8 F1 Edition - 1088 - 2門 2人座 - 3982cccc - 535hp@6000rpmhp - 汽油 to model: 2022 Aston martin Aston Martin Vantage with 3 variants
2024-12-30 16:03:40,734 - INFO - Added variant: 4.0 V8 - 880 - 2門 2人座 - 3982cccc - 510hp@6000rpmhp - 汽油 to model: 2022 Aston martin Aston Martin Vantage Roadster with 1 variants
2024-12-30 16:03:40,734 - INFO - Added variant: 4.0 V8 F1 Edition - 1168 - 2門 2人座 - 3982cccc - 535hp@6000rpmhp - 汽油 to model: 2022 Aston martin Aston Martin Vantage Roadster with 2 variants
